<?xml version="1.0" encoding="UTF-8"?>
<!-- Generated by org.testng.reporters.JUnitReportReporter -->
<testsuite hostname="adeshalien" failures="0" tests="1" name="testPackage.ActiTimeInvalidTestLogin" time="29.116" errors="0" timestamp="2023-01-26T16:19:49 IST" skipped="0">
  <testcase classname="testPackage.ActiTimeInvalidTestLogin" name="inValidTest" time="29.116"/>
  <system-out/>
</testsuite> <!-- testPackage.ActiTimeInvalidTestLogin -->
