<?xml version="1.0" encoding="UTF-8"?>
<!-- Generated by org.testng.reporters.JUnitReportReporter -->
<testsuite hostname="adeshalien" failures="0" tests="1" name="testng.SampleTest" time="0.009" errors="0" timestamp="2023-01-19T13:52:26 IST" skipped="0">
  <testcase classname="testng.SampleTest" name="demo" time="0.009"/>
  <system-out>
    <![CDATA[Hello world]]>
  </system-out>
</testsuite> <!-- testng.SampleTest -->
