<?xml version="1.0" encoding="UTF-8"?>
<!-- Generated by org.testng.reporters.JUnitReportReporter -->
<testsuite hostname="adeshalien" failures="0" tests="1" name="testNGPackage.Remo" time="0.008" errors="0" timestamp="2023-01-20T13:39:12 IST" skipped="0">
  <testcase classname="testNGPackage.Remo" name="remo2" time="0.008"/>
  <system-out/>
</testsuite> <!-- testNGPackage.Remo -->
