<?xml version="1.0" encoding="UTF-8"?>
<!-- Generated by org.testng.reporters.JUnitReportReporter -->
<testsuite hostname="adeshalien" failures="0" tests="3" name="testNGPackage.Flag4" time="0.009" errors="0" timestamp="2023-01-20T14:53:47 IST" skipped="0">
  <testcase classname="testNGPackage.Flag4" name="createUser" time="0.001"/>
  <system-out>
    <![CDATA[User Created!!]]>
  </system-out>
  <testcase classname="testNGPackage.Flag4" name="logInMethod" time="0.007"/>
  <system-out>
    <![CDATA[log in is Done!!]]>
  </system-out>
  <testcase classname="testNGPackage.Flag4" name="logOutMethod" time="0.001"/>
  <system-out>
    <![CDATA[log out is Done!!]]>
  </system-out>
</testsuite> <!-- testNGPackage.Flag4 -->
