<?xml version="1.0" encoding="UTF-8"?>
<!-- Generated by org.testng.reporters.JUnitReportReporter -->
<testsuite hostname="adeshalien" failures="0" tests="1" name="testNGPackage.Class4" time="7.975" errors="0" timestamp="2023-01-23T13:50:30 IST" skipped="0">
  <testcase classname="testNGPackage.Class4" name="automation" time="7.975"/>
  <system-out/>
</testsuite> <!-- testNGPackage.Class4 -->
