<?xml version="1.0" encoding="UTF-8"?>
<!-- Generated by org.testng.reporters.JUnitReportReporter -->
<testsuite hostname="adeshalien" failures="0" tests="2" name="testng.TestValidLoging" time="0.254" errors="0" timestamp="2023-01-24T14:53:03 IST" skipped="0">
  <testcase classname="testng.TestValidLoging" name="validLogin" time="0.175"/>
  <system-out/>
  <testcase classname="testng.TestValidLoging" name="validLogin" time="0.079"/>
  <system-out/>
</testsuite> <!-- testng.TestValidLoging -->
