<?xml version="1.0" encoding="UTF-8"?>
<!-- Generated by org.testng.reporters.JUnitReportReporter -->
<testsuite hostname="adeshalien" failures="0" tests="12" name="testNGPackage.Flag6" time="0.015" errors="0" timestamp="2023-01-21T16:04:58 IST" skipped="0">
  <testcase classname="testNGPackage.Flag6" name="ft2" time="0.001"/>
  <system-out>
    <![CDATA[functional Testing2]]>
  </system-out>
  <testcase classname="testNGPackage.Flag6" name="it5" time="0.001"/>
  <system-out>
    <![CDATA[Integration Testing5]]>
  </system-out>
  <testcase classname="testNGPackage.Flag6" name="ft3" time="0.001"/>
  <system-out>
    <![CDATA[functional Testing3]]>
  </system-out>
  <testcase classname="testNGPackage.Flag6" name="ft4" time="0.001"/>
  <system-out>
    <![CDATA[functional Testing4]]>
  </system-out>
  <testcase classname="testNGPackage.Flag6" name="ft6" time="0.001"/>
  <system-out>
    <![CDATA[functional Testing6]]>
  </system-out>
  <testcase classname="testNGPackage.Flag6" name="it3" time="0.001"/>
  <system-out>
    <![CDATA[Integration Testing3]]>
  </system-out>
  <testcase classname="testNGPackage.Flag6" name="it6" time="0.001"/>
  <system-out>
    <![CDATA[Integration Testing6]]>
  </system-out>
  <testcase classname="testNGPackage.Flag6" name="it2" time="0.000"/>
  <system-out>
    <![CDATA[Integration Testing2]]>
  </system-out>
  <testcase classname="testNGPackage.Flag6" name="it1" time="0.001"/>
  <system-out>
    <![CDATA[Integration Testing1]]>
  </system-out>
  <testcase classname="testNGPackage.Flag6" name="ft5" time="0.001"/>
  <system-out>
    <![CDATA[functional Testing5]]>
  </system-out>
  <testcase classname="testNGPackage.Flag6" name="it4" time="0.000"/>
  <system-out>
    <![CDATA[Integration Testing4]]>
  </system-out>
  <testcase classname="testNGPackage.Flag6" name="ft1" time="0.006"/>
  <system-out>
    <![CDATA[functional Testing1]]>
  </system-out>
</testsuite> <!-- testNGPackage.Flag6 -->
