<?xml version="1.0" encoding="UTF-8"?>
<!-- Generated by org.testng.reporters.JUnitReportReporter -->
<testsuite hostname="adeshalien" failures="0" tests="3" name="testNGPackage.SelectBrowser" time="21.038" errors="0" timestamp="2023-01-24T13:55:21 IST" skipped="0">
  <testcase classname="testNGPackage.SelectBrowser" name="openBrowser" time="3.978"/>
  <system-out/>
  <testcase classname="testNGPackage.SelectBrowser" name="openBrowser" time="8.607"/>
  <system-out/>
  <testcase classname="testNGPackage.SelectBrowser" name="openBrowser" time="8.453"/>
  <system-out/>
</testsuite> <!-- testNGPackage.SelectBrowser -->
