<?xml version="1.0" encoding="UTF-8"?>
<!-- Generated by org.testng.reporters.JUnitReportReporter -->
<testsuite hostname="adeshalien" failures="0" tests="1" name="testNGPackage.Class1" time="13.091" errors="0" timestamp="2023-01-23T15:49:45 IST" skipped="0">
  <testcase classname="testNGPackage.Class1" name="sql" time="13.091"/>
  <system-out/>
</testsuite> <!-- testNGPackage.Class1 -->
