<?xml version="1.0" encoding="UTF-8"?>
<!-- Generated by org.testng.reporters.JUnitReportReporter -->
<testsuite hostname="adeshalien" failures="0" tests="2" name="testNGPackage.TestNG" time="0.022" errors="0" timestamp="2023-01-23T14:41:56 IST" skipped="0">
  <testcase classname="testNGPackage.TestNG" name="tomorrow" time="0.010"/>
  <system-out>
    <![CDATA[Today Method 18 is the threadid ]]>
  </system-out>
  <testcase classname="testNGPackage.TestNG" name="today" time="0.012"/>
  <system-out>
    <![CDATA[Today Method 19 is the threadid ]]>
  </system-out>
</testsuite> <!-- testNGPackage.TestNG -->
