<?xml version="1.0" encoding="UTF-8"?>
<!-- Generated by org.testng.reporters.JUnitReportReporter -->
<testsuite hostname="adeshalien" failures="0" tests="7" name="testNGPackage.Flag5" time="0.010" errors="0" timestamp="2023-01-21T14:10:44 IST" skipped="0">
  <testcase classname="testNGPackage.Flag5" name="k" time="0.001"/>
  <system-out>
    <![CDATA[k]]>
  </system-out>
  <testcase classname="testNGPackage.Flag5" name="a" time="0.006"/>
  <system-out>
    <![CDATA[a]]>
  </system-out>
  <testcase classname="testNGPackage.Flag5" name="i" time="0.001"/>
  <system-out>
    <![CDATA[h]]>
  </system-out>
  <testcase classname="testNGPackage.Flag5" name="b" time="0.001"/>
  <system-out>
    <![CDATA[b]]>
  </system-out>
  <testcase classname="testNGPackage.Flag5" name="h" time="0.000"/>
  <system-out>
    <![CDATA[h]]>
  </system-out>
  <testcase classname="testNGPackage.Flag5" name="z" time="0.000"/>
  <system-out>
    <![CDATA[z]]>
  </system-out>
  <testcase classname="testNGPackage.Flag5" name="m" time="0.001"/>
  <system-out>
    <![CDATA[m]]>
  </system-out>
</testsuite> <!-- testNGPackage.Flag5 -->
