<?xml version="1.0" encoding="UTF-8"?>
<!-- Generated by org.testng.reporters.JUnitReportReporter -->
<testsuite hostname="adeshalien" failures="0" tests="3" name="testNGPackage.NoAnnotation" time="0.009" errors="0" timestamp="2023-01-20T15:16:53 IST" skipped="0">
  <testcase classname="testNGPackage.NoAnnotation" name="Test1" time="0.006"/>
  <system-out>
    <![CDATA[@Test1 Annotation]]>
  </system-out>
  <testcase classname="testNGPackage.NoAnnotation" name="test" time="0.002"/>
  <system-out>
    <![CDATA[@Test Annotations]]>
  </system-out>
  <testcase classname="testNGPackage.NoAnnotation" name="Test2" time="0.001"/>
  <system-out>
    <![CDATA[@Test2 Annotation]]>
  </system-out>
</testsuite> <!-- testNGPackage.NoAnnotation -->
