<?xml version="1.0" encoding="UTF-8"?>
<!-- Generated by org.testng.reporters.JUnitReportReporter -->
<testsuite hostname="adeshalien" failures="0" tests="1" name="testng.Annotations" time="0.010" errors="0" timestamp="2023-01-20T14:57:58 IST" skipped="0">
  <testcase classname="testng.Annotations" name="test" time="0.010"/>
  <system-out/>
</testsuite> <!-- testng.Annotations -->
