<?xml version="1.0" encoding="UTF-8"?>
<!-- Generated by org.testng.reporters.JUnitReportReporter -->
<testsuite hostname="adeshalien" failures="0" tests="1" name="testNGPackage.Sumo" time="0.002" errors="0" timestamp="2023-01-20T13:39:12 IST" skipped="1">
  <testcase classname="testNGPackage.Sumo" name="sumo2" time="0.002">
    <skipped/>
  </testcase> <!-- sumo2 -->
  <system-out/>
</testsuite> <!-- testNGPackage.Sumo -->
