<?xml version="1.0" encoding="UTF-8"?>
<!-- Generated by org.testng.reporters.JUnitReportReporter -->
<testsuite hostname="adeshalien" failures="0" tests="3" name="testNGPackage.Demo" time="0.011" errors="0" timestamp="2023-01-20T13:37:52 IST" skipped="0">
  <testcase classname="testNGPackage.Demo" name="demo" time="0.009"/>
  <system-out>
    <![CDATA[This is method demo]]>
  </system-out>
  <testcase classname="testNGPackage.Demo" name="demo2" time="0.001"/>
  <system-out/>
  <testcase classname="testNGPackage.Demo" name="demo1" time="0.001"/>
  <system-out>
    <![CDATA[This is method demo1]]>
  </system-out>
</testsuite> <!-- testNGPackage.Demo -->
