<?xml version="1.0" encoding="UTF-8"?>
<!-- Generated by org.testng.reporters.JUnitReportReporter -->
<testsuite hostname="adeshalien" failures="0" tests="3" name="testngAssert.SelectBrowser" time="33.977" errors="0" timestamp="2023-01-23T15:51:17 IST" skipped="0">
  <testcase classname="testngAssert.SelectBrowser" name="openBrowser" time="11.053"/>
  <system-out/>
  <testcase classname="testngAssert.SelectBrowser" name="openBrowser" time="9.101"/>
  <system-out/>
  <testcase classname="testngAssert.SelectBrowser" name="openBrowser" time="13.823"/>
  <system-out/>
</testsuite> <!-- testngAssert.SelectBrowser -->
